This is pdfTeX, Version 3.141592653-2.6-1.40.25 (TeX Live 2023/Debian) (preloaded format=pdflatex 2025.5.28)  1 JUN 2025 23:09
entering extended mode
 restricted \write18 enabled.
 %&-line parsing enabled.
**protocol.tex
(./protocol.tex
LaTeX2e <2023-11-01> patch level 1
L3 programming layer <2024-01-22>
(/usr/share/texlive/texmf-dist/tex/latex/base/article.cls
Document Class: article 2023/05/17 v1.4n Standard LaTeX document class
(/usr/share/texlive/texmf-dist/tex/latex/base/size12.clo
File: size12.clo 2023/05/17 v1.4n Standard LaTeX file (size option)
)
\c@part=\count187
\c@section=\count188
\c@subsection=\count189
\c@subsubsection=\count190
\c@paragraph=\count191
\c@subparagraph=\count192
\c@figure=\count193
\c@table=\count194
\abovecaptionskip=\skip48
\belowcaptionskip=\skip49
\bibindent=\dimen140
)
(/usr/share/texlive/texmf-dist/tex/latex/base/inputenc.sty
Package: inputenc 2021/02/14 v1.3d Input encoding file
\inpenc@prehook=\toks17
\inpenc@posthook=\toks18
)
(/usr/share/texlive/texmf-dist/tex/latex/graphics/graphicx.sty
Package: graphicx 2021/09/16 v1.2d Enhanced LaTeX Graphics (DPC,SPQR)

(/usr/share/texlive/texmf-dist/tex/latex/graphics/keyval.sty
Package: keyval 2022/05/29 v1.15 key=value parser (DPC)
\KV@toks@=\toks19
)
(/usr/share/texlive/texmf-dist/tex/latex/graphics/graphics.sty
Package: graphics 2022/03/10 v1.4e Standard LaTeX Graphics (DPC,SPQR)

(/usr/share/texlive/texmf-dist/tex/latex/graphics/trig.sty
Package: trig 2021/08/11 v1.11 sin cos tan (DPC)
)
(/usr/share/texlive/texmf-dist/tex/latex/graphics-cfg/graphics.cfg
File: graphics.cfg 2016/06/04 v1.11 sample graphics configuration
)
Package graphics Info: Driver file: pdftex.def on input line 107.

(/usr/share/texlive/texmf-dist/tex/latex/graphics-def/pdftex.def
File: pdftex.def 2022/09/22 v1.2b Graphics/color driver for pdftex
))
\Gin@req@height=\dimen141
\Gin@req@width=\dimen142
)
(/usr/share/texlive/texmf-dist/tex/latex/hyperref/hyperref.sty
Package: hyperref 2024-01-20 v7.01h Hypertext links for LaTeX

(/usr/share/texlive/texmf-dist/tex/generic/iftex/iftex.sty
Package: iftex 2022/02/03 v1.0f TeX engine tests
)
(/usr/share/texlive/texmf-dist/tex/latex/kvsetkeys/kvsetkeys.sty
Package: kvsetkeys 2022-10-05 v1.19 Key value parser (HO)
)
(/usr/share/texlive/texmf-dist/tex/generic/kvdefinekeys/kvdefinekeys.sty
Package: kvdefinekeys 2019-12-19 v1.6 Define keys (HO)
)
(/usr/share/texlive/texmf-dist/tex/generic/pdfescape/pdfescape.sty
Package: pdfescape 2019/12/09 v1.15 Implements pdfTeX's escape features (HO)

(/usr/share/texlive/texmf-dist/tex/generic/ltxcmds/ltxcmds.sty
Package: ltxcmds 2023-12-04 v1.26 LaTeX kernel commands for general use (HO)
)
(/usr/share/texlive/texmf-dist/tex/generic/pdftexcmds/pdftexcmds.sty
Package: pdftexcmds 2020-06-27 v0.33 Utility functions of pdfTeX for LuaTeX (HO
)

(/usr/share/texlive/texmf-dist/tex/generic/infwarerr/infwarerr.sty
Package: infwarerr 2019/12/03 v1.5 Providing info/warning/error messages (HO)
)
Package pdftexcmds Info: \pdf@primitive is available.
Package pdftexcmds Info: \pdf@ifprimitive is available.
Package pdftexcmds Info: \pdfdraftmode found.
))
(/usr/share/texlive/texmf-dist/tex/latex/hycolor/hycolor.sty
Package: hycolor 2020-01-27 v1.10 Color options for hyperref/bookmark (HO)
)
(/usr/share/texlive/texmf-dist/tex/latex/auxhook/auxhook.sty
Package: auxhook 2019-12-17 v1.6 Hooks for auxiliary files (HO)
)
(/usr/share/texlive/texmf-dist/tex/latex/hyperref/nameref.sty
Package: nameref 2023-11-26 v2.56 Cross-referencing by name of section

(/usr/share/texlive/texmf-dist/tex/latex/refcount/refcount.sty
Package: refcount 2019/12/15 v3.6 Data extraction from label references (HO)
)
(/usr/share/texlive/texmf-dist/tex/generic/gettitlestring/gettitlestring.sty
Package: gettitlestring 2019/12/15 v1.6 Cleanup title references (HO)

(/usr/share/texlive/texmf-dist/tex/latex/kvoptions/kvoptions.sty
Package: kvoptions 2022-06-15 v3.15 Key value format for package options (HO)
))
\c@section@level=\count195
)
(/usr/share/texlive/texmf-dist/tex/latex/etoolbox/etoolbox.sty
Package: etoolbox 2020/10/05 v2.5k e-TeX tools for LaTeX (JAW)
\etb@tempcnta=\count196
)
\@linkdim=\dimen143
\Hy@linkcounter=\count197
\Hy@pagecounter=\count198

(/usr/share/texlive/texmf-dist/tex/latex/hyperref/pd1enc.def
File: pd1enc.def 2024-01-20 v7.01h Hyperref: PDFDocEncoding definition (HO)
Now handling font encoding PD1 ...
... no UTF-8 mapping file for font encoding PD1
)
(/usr/share/texlive/texmf-dist/tex/generic/intcalc/intcalc.sty
Package: intcalc 2019/12/15 v1.3 Expandable calculations with integers (HO)
)
\Hy@SavedSpaceFactor=\count199

(/usr/share/texlive/texmf-dist/tex/latex/hyperref/puenc.def
File: puenc.def 2024-01-20 v7.01h Hyperref: PDF Unicode definition (HO)
Now handling font encoding PU ...
... no UTF-8 mapping file for font encoding PU
)
Package hyperref Info: Hyper figures OFF on input line 4179.
Package hyperref Info: Link nesting OFF on input line 4184.
Package hyperref Info: Hyper index ON on input line 4187.
Package hyperref Info: Plain pages OFF on input line 4194.
Package hyperref Info: Backreferencing OFF on input line 4199.
Package hyperref Info: Implicit mode ON; LaTeX internals redefined.
Package hyperref Info: Bookmarks ON on input line 4446.
\c@Hy@tempcnt=\count266

(/usr/share/texlive/texmf-dist/tex/latex/url/url.sty
\Urlmuskip=\muskip16
Package: url 2013/09/16  ver 3.4  Verb mode for urls, etc.
)
LaTeX Info: Redefining \url on input line 4784.
\XeTeXLinkMargin=\dimen144

(/usr/share/texlive/texmf-dist/tex/generic/bitset/bitset.sty
Package: bitset 2019/12/09 v1.3 Handle bit-vector datatype (HO)

(/usr/share/texlive/texmf-dist/tex/generic/bigintcalc/bigintcalc.sty
Package: bigintcalc 2019/12/15 v1.5 Expandable calculations on big integers (HO
)
))
\Fld@menulength=\count267
\Field@Width=\dimen145
\Fld@charsize=\dimen146
Package hyperref Info: Hyper figures OFF on input line 6063.
Package hyperref Info: Link nesting OFF on input line 6068.
Package hyperref Info: Hyper index ON on input line 6071.
Package hyperref Info: backreferencing OFF on input line 6078.
Package hyperref Info: Link coloring OFF on input line 6083.
Package hyperref Info: Link coloring with OCG OFF on input line 6088.
Package hyperref Info: PDF/A mode OFF on input line 6093.

(/usr/share/texlive/texmf-dist/tex/latex/base/atbegshi-ltx.sty
Package: atbegshi-ltx 2021/01/10 v1.0c Emulation of the original atbegshi
package with kernel methods
)
\Hy@abspage=\count268
\c@Item=\count269
\c@Hfootnote=\count270
)
Package hyperref Info: Driver (autodetected): hpdftex.

(/usr/share/texlive/texmf-dist/tex/latex/hyperref/hpdftex.def
File: hpdftex.def 2024-01-20 v7.01h Hyperref driver for pdfTeX

(/usr/share/texlive/texmf-dist/tex/latex/base/atveryend-ltx.sty
Package: atveryend-ltx 2020/08/19 v1.0a Emulation of the original atveryend pac
kage
with kernel methods
)
\Fld@listcount=\count271
\c@bookmark@seq@number=\count272

(/usr/share/texlive/texmf-dist/tex/latex/rerunfilecheck/rerunfilecheck.sty
Package: rerunfilecheck 2022-07-10 v1.10 Rerun checks for auxiliary files (HO)

(/usr/share/texlive/texmf-dist/tex/generic/uniquecounter/uniquecounter.sty
Package: uniquecounter 2019/12/15 v1.4 Provide unlimited unique counter (HO)
)
Package uniquecounter Info: New unique counter `rerunfilecheck' on input line 2
85.
)
\Hy@SectionHShift=\skip50
)
(/usr/share/texlive/texmf-dist/tex/latex/listings/listings.sty
\lst@mode=\count273
\lst@gtempboxa=\box51
\lst@token=\toks20
\lst@length=\count274
\lst@currlwidth=\dimen147
\lst@column=\count275
\lst@pos=\count276
\lst@lostspace=\dimen148
\lst@width=\dimen149
\lst@newlines=\count277
\lst@lineno=\count278
\lst@maxwidth=\dimen150

(/usr/share/texlive/texmf-dist/tex/latex/listings/lstmisc.sty
File: lstmisc.sty 2023/02/27 1.9 (Carsten Heinz)
\c@lstnumber=\count279
\lst@skipnumbers=\count280
\lst@framebox=\box52
)
(/usr/share/texlive/texmf-dist/tex/latex/listings/listings.cfg
File: listings.cfg 2023/02/27 1.9 listings configuration
))
Package: listings 2023/02/27 1.9 (Carsten Heinz)

(/usr/share/texlive/texmf-dist/tex/latex/xcolor/xcolor.sty
Package: xcolor 2023/11/15 v3.01 LaTeX color extensions (UK)

(/usr/share/texlive/texmf-dist/tex/latex/graphics-cfg/color.cfg
File: color.cfg 2016/01/02 v1.6 sample color configuration
)
Package xcolor Info: Driver file: pdftex.def on input line 274.

(/usr/share/texlive/texmf-dist/tex/latex/graphics/mathcolor.ltx)
Package xcolor Info: Model `cmy' substituted by `cmy0' on input line 1350.
Package xcolor Info: Model `hsb' substituted by `rgb' on input line 1354.
Package xcolor Info: Model `RGB' extended on input line 1366.
Package xcolor Info: Model `HTML' substituted by `rgb' on input line 1368.
Package xcolor Info: Model `Hsb' substituted by `hsb' on input line 1369.
Package xcolor Info: Model `tHsb' substituted by `hsb' on input line 1370.
Package xcolor Info: Model `HSB' substituted by `hsb' on input line 1371.
Package xcolor Info: Model `Gray' substituted by `gray' on input line 1372.
Package xcolor Info: Model `wave' substituted by `hsb' on input line 1373.
)
(/usr/share/texlive/texmf-dist/tex/latex/geometry/geometry.sty
Package: geometry 2020/01/02 v5.9 Page Geometry

(/usr/share/texlive/texmf-dist/tex/generic/iftex/ifvtex.sty
Package: ifvtex 2019/10/25 v1.7 ifvtex legacy package. Use iftex instead.
)
\Gm@cnth=\count281
\Gm@cntv=\count282
\c@Gm@tempcnt=\count283
\Gm@bindingoffset=\dimen151
\Gm@wd@mp=\dimen152
\Gm@odd@mp=\dimen153
\Gm@even@mp=\dimen154
\Gm@layoutwidth=\dimen155
\Gm@layoutheight=\dimen156
\Gm@layouthoffset=\dimen157
\Gm@layoutvoffset=\dimen158
\Gm@dimlist=\toks21
)
(/usr/share/texlive/texmf-dist/tex/latex/float/float.sty
Package: float 2001/11/08 v1.3d Float enhancements (AL)
\c@float@type=\count284
\float@exts=\toks22
\float@box=\box53
\@float@everytoks=\toks23
\@floatcapt=\box54
)
(/usr/share/texlive/texmf-dist/tex/latex/l3backend/l3backend-pdftex.def
File: l3backend-pdftex.def 2024-01-04 L3 backend support: PDF output (pdfTeX)
\l__color_backend_stack_int=\count285
\l__pdf_internal_box=\box55
)
(./protocol.aux)
\openout1 = `protocol.aux'.

LaTeX Font Info:    Checking defaults for OML/cmm/m/it on input line 16.
LaTeX Font Info:    ... okay on input line 16.
LaTeX Font Info:    Checking defaults for OMS/cmsy/m/n on input line 16.
LaTeX Font Info:    ... okay on input line 16.
LaTeX Font Info:    Checking defaults for OT1/cmr/m/n on input line 16.
LaTeX Font Info:    ... okay on input line 16.
LaTeX Font Info:    Checking defaults for T1/cmr/m/n on input line 16.
LaTeX Font Info:    ... okay on input line 16.
LaTeX Font Info:    Checking defaults for TS1/cmr/m/n on input line 16.
LaTeX Font Info:    ... okay on input line 16.
LaTeX Font Info:    Checking defaults for OMX/cmex/m/n on input line 16.
LaTeX Font Info:    ... okay on input line 16.
LaTeX Font Info:    Checking defaults for U/cmr/m/n on input line 16.
LaTeX Font Info:    ... okay on input line 16.
LaTeX Font Info:    Checking defaults for PD1/pdf/m/n on input line 16.
LaTeX Font Info:    ... okay on input line 16.
LaTeX Font Info:    Checking defaults for PU/pdf/m/n on input line 16.
LaTeX Font Info:    ... okay on input line 16.

(/usr/share/texlive/texmf-dist/tex/context/base/mkii/supp-pdf.mkii
[Loading MPS to PDF converter (version 2006.09.02).]
\scratchcounter=\count286
\scratchdimen=\dimen159
\scratchbox=\box56
\nofMPsegments=\count287
\nofMParguments=\count288
\everyMPshowfont=\toks24
\MPscratchCnt=\count289
\MPscratchDim=\dimen160
\MPnumerator=\count290
\makeMPintoPDFobject=\count291
\everyMPtoPDFconversion=\toks25
) (/usr/share/texlive/texmf-dist/tex/latex/epstopdf-pkg/epstopdf-base.sty
Package: epstopdf-base 2020-01-24 v2.11 Base part for package epstopdf
Package epstopdf-base Info: Redefining graphics rule for `.eps' on input line 4
85.

(/usr/share/texlive/texmf-dist/tex/latex/latexconfig/epstopdf-sys.cfg
File: epstopdf-sys.cfg 2010/07/13 v1.3 Configuration of (r)epstopdf for TeX Liv
e
))
Package hyperref Info: Link coloring OFF on input line 16.

(./protocol.out) (./protocol.out)
\@outlinefile=\write3
\openout3 = `protocol.out'.

\c@lstlisting=\count292

*geometry* driver: auto-detecting
*geometry* detected driver: pdftex
*geometry* verbose mode - [ preamble ] result:
* driver: pdftex
* paper: a4paper
* layout: <same size as paper>
* layoutoffset:(h,v)=(0.0pt,0.0pt)
* modes: 
* h-part:(L,W,R)=(71.13188pt, 455.24411pt, 71.13188pt)
* v-part:(T,H,B)=(71.13188pt, 702.78308pt, 71.13188pt)
* \paperwidth=597.50787pt
* \paperheight=845.04684pt
* \textwidth=455.24411pt
* \textheight=702.78308pt
* \oddsidemargin=-1.1381pt
* \evensidemargin=-1.1381pt
* \topmargin=-38.1381pt
* \headheight=12.0pt
* \headsep=25.0pt
* \topskip=12.0pt
* \footskip=30.0pt
* \marginparwidth=35.0pt
* \marginparsep=10.0pt
* \columnsep=10.0pt
* \skip\footins=10.8pt plus 4.0pt minus 2.0pt
* \hoffset=0.0pt
* \voffset=0.0pt
* \mag=1000
* \@twocolumnfalse
* \@twosidefalse
* \@mparswitchfalse
* \@reversemarginfalse
* (1in=72.27pt=25.4mm, 1cm=28.453pt)

LaTeX Font Info:    External font `cmex10' loaded for size
(Font)              <14.4> on input line 19.
LaTeX Font Info:    External font `cmex10' loaded for size
(Font)              <7> on input line 19.
<./screenshots/install_android_studio.png, id=64, 326.72063pt x 526.96875pt>
File: ./screenshots/install_android_studio.png Graphic file (type png)
<use ./screenshots/install_android_studio.png>
Package pdftex.def Info: ./screenshots/install_android_studio.png  used on inpu
t line 33.
(pdftex.def)             Requested size: 182.09486pt x 293.70137pt.
<./screenshots/android_virtual_dev_manager.png, id=66, 591.71063pt x 481.04718p
t>
File: ./screenshots/android_virtual_dev_manager.png Graphic file (type png)
<use ./screenshots/android_virtual_dev_manager.png>
Package pdftex.def Info: ./screenshots/android_virtual_dev_manager.png  used on
 input line 41.
(pdftex.def)             Requested size: 364.19667pt x 296.08815pt.
[1

{/var/lib/texmf/fonts/map/pdftex/updmap/pdftex.map}
pdfTeX warning (ext4): destination with the same identifier (name{figure.1}) ha
s been already used, duplicate ignored
<argument> ...shipout:D \box_use:N \l_shipout_box 
                                                  \__shipout_drop_firstpage_...
l.44 
      <./screenshots/install_android_studio.png>]
<./screenshots/dev_apis.png, id=78, 679.03688pt x 520.19344pt>
File: ./screenshots/dev_apis.png Graphic file (type png)
<use ./screenshots/dev_apis.png>
Package pdftex.def Info: ./screenshots/dev_apis.png  used on input line 49.
(pdftex.def)             Requested size: 364.19667pt x 279.0032pt.
 [2
pdfTeX warning (ext4): destination with the same identifier (name{figure.2}) ha
s been already used, duplicate ignored
<argument> ...shipout:D \box_use:N \l_shipout_box 
                                                  \__shipout_drop_firstpage_...
l.55 
     
pdfTeX warning (ext4): destination with the same identifier (name{figure.3}) ha
s been already used, duplicate ignored
<argument> ...shipout:D \box_use:N \l_shipout_box 
                                                  \__shipout_drop_firstpage_...
l.55 
      <./screenshots/android_virtual_dev_manager.png> <./screenshots/dev_apis.p
ng>]
<./screenshots/android_em_install.png, id=87, 679.03688pt x 490.08093pt>
File: ./screenshots/android_em_install.png Graphic file (type png)
<use ./screenshots/android_em_install.png>
Package pdftex.def Info: ./screenshots/android_em_install.png  used on input li
ne 58.
(pdftex.def)             Requested size: 364.19667pt x 262.85251pt.
<./screenshots/fresh_virtual_dev.png, id=88, 292.84406pt x 674.52pt>
File: ./screenshots/fresh_virtual_dev.png Graphic file (type png)
<use ./screenshots/fresh_virtual_dev.png>
Package pdftex.def Info: ./screenshots/fresh_virtual_dev.png  used on input lin
e 66.
(pdftex.def)             Requested size: 113.81102pt x 262.14572pt.
 [3
pdfTeX warning (ext4): destination with the same identifier (name{figure.4}) ha
s been already used, duplicate ignored
<argument> ...shipout:D \box_use:N \l_shipout_box 
                                                  \__shipout_drop_firstpage_...
l.70 \clearpage
               
pdfTeX warning (ext4): destination with the same identifier (name{figure.5}) ha
s been already used, duplicate ignored
<argument> ...shipout:D \box_use:N \l_shipout_box 
                                                  \__shipout_drop_firstpage_...
l.70 \clearpage
                <./screenshots/android_em_install.png> <./screenshots/fresh_vir
tual_dev.png>]
<./screenshots/apkpure.png, id=97, 730.98094pt x 712.91344pt>
File: ./screenshots/apkpure.png Graphic file (type png)
<use ./screenshots/apkpure.png>
Package pdftex.def Info: ./screenshots/apkpure.png  used on input line 78.
(pdftex.def)             Requested size: 364.19667pt x 355.19397pt.
<./screenshots/orfat_app.png, id=98, 1284.8pt x 2866.71pt>
File: ./screenshots/orfat_app.png Graphic file (type png)
<use ./screenshots/orfat_app.png>
Package pdftex.def Info: ./screenshots/orfat_app.png  used on input line 86.
(pdftex.def)             Requested size: 113.81102pt x 253.92473pt.
 [4


pdfTeX warning (ext4): destination with the same identifier (name{figure.6}) ha
s been already used, duplicate ignored
<argument> ...shipout:D \box_use:N \l_shipout_box 
                                                  \__shipout_drop_firstpage_...
l.89 
      <./screenshots/apkpure.png>]
<./screenshots/http_toolkit_adb.png, id=105, 221.32687pt x 180.675pt>
File: ./screenshots/http_toolkit_adb.png Graphic file (type png)
<use ./screenshots/http_toolkit_adb.png>
Package pdftex.def Info: ./screenshots/http_toolkit_adb.png  used on input line
 94.
(pdftex.def)             Requested size: 273.14923pt x 222.99257pt.
<./screenshots/approve_toolkit.png, id=106, 1284.8pt x 2866.71pt>
File: ./screenshots/approve_toolkit.png Graphic file (type png)
<use ./screenshots/approve_toolkit.png>
Package pdftex.def Info: ./screenshots/approve_toolkit.png  used on input line 
102.
(pdftex.def)             Requested size: 113.81102pt x 253.92473pt.
 [5
pdfTeX warning (ext4): destination with the same identifier (name{figure.7}) ha
s been already used, duplicate ignored
<argument> ...shipout:D \box_use:N \l_shipout_box 
                                                  \__shipout_drop_firstpage_...
l.105 
      
pdfTeX warning (ext4): destination with the same identifier (name{figure.8}) ha
s been already used, duplicate ignored
<argument> ...shipout:D \box_use:N \l_shipout_box 
                                                  \__shipout_drop_firstpage_...
l.105 
       <./screenshots/orfat_app.png> <./screenshots/http_toolkit_adb.png>]
<./screenshots/article_app.png, id=115, 1284.8pt x 2866.71pt>
File: ./screenshots/article_app.png Graphic file (type png)
<use ./screenshots/article_app.png>
Package pdftex.def Info: ./screenshots/article_app.png  used on input line 110.

(pdftex.def)             Requested size: 113.81102pt x 253.92473pt.
<./screenshots/httptoolkit.png, id=116, 1017.8025pt x 572.89032pt>
File: ./screenshots/httptoolkit.png Graphic file (type png)
<use ./screenshots/httptoolkit.png>
Package pdftex.def Info: ./screenshots/httptoolkit.png  used on input line 116.

(pdftex.def)             Requested size: 364.19667pt x 204.99904pt.

[6
pdfTeX warning (ext4): destination with the same identifier (name{figure.9}) ha
s been already used, duplicate ignored
<argument> ...shipout:D \box_use:N \l_shipout_box 
                                                  \__shipout_drop_firstpage_...
l.119 
      
pdfTeX warning (ext4): destination with the same identifier (name{figure.10}) h
as been already used, duplicate ignored
<argument> ...shipout:D \box_use:N \l_shipout_box 
                                                  \__shipout_drop_firstpage_...
l.119 
       <./screenshots/approve_toolkit.png> <./screenshots/article_app.png>]
<./screenshots/jadx_initial.png, id=125, 1001.24063pt x 563.85657pt>
File: ./screenshots/jadx_initial.png Graphic file (type png)
<use ./screenshots/jadx_initial.png>
Package pdftex.def Info: ./screenshots/jadx_initial.png  used on input line 133
.
(pdftex.def)             Requested size: 364.19667pt x 205.09613pt.
<./screenshots/opening_apk.png, id=126, 432.86719pt x 269.50688pt>
File: ./screenshots/opening_apk.png Graphic file (type png)
<use ./screenshots/opening_apk.png>
Package pdftex.def Info: ./screenshots/opening_apk.png  used on input line 141.

(pdftex.def)             Requested size: 364.19667pt x 226.76256pt.

[7
pdfTeX warning (ext4): destination with the same identifier (name{figure.11}) h
as been already used, duplicate ignored
<argument> ...shipout:D \box_use:N \l_shipout_box 
                                                  \__shipout_drop_firstpage_...
l.143 \end{figure}
                  
pdfTeX warning (ext4): destination with the same identifier (name{figure.12}) h
as been already used, duplicate ignored
<argument> ...shipout:D \box_use:N \l_shipout_box 
                                                  \__shipout_drop_firstpage_...
l.143 \end{figure}
                   <./screenshots/httptoolkit.png> <./screenshots/jadx_initial.
png>]
<./screenshots/jadx_decompiled.png, id=136, 1001.24063pt x 563.85657pt>
File: ./screenshots/jadx_decompiled.png Graphic file (type png)
<use ./screenshots/jadx_decompiled.png>
Package pdftex.def Info: ./screenshots/jadx_decompiled.png  used on input line 
149.
(pdftex.def)             Requested size: 364.19667pt x 205.09613pt.
<./screenshots/okhttp.png, id=137, 241.65282pt x 242.40562pt>
File: ./screenshots/okhttp.png Graphic file (type png)
<use ./screenshots/okhttp.png>
Package pdftex.def Info: ./screenshots/okhttp.png  used on input line 161.
(pdftex.def)             Requested size: 364.19667pt x 365.37184pt.
 [8
pdfTeX warning (ext4): destination with the same identifier (name{figure.13}) h
as been already used, duplicate ignored
<argument> ...shipout:D \box_use:N \l_shipout_box 
                                                  \__shipout_drop_firstpage_...
l.164 
      
pdfTeX warning (ext4): destination with the same identifier (name{figure.14}) h
as been already used, duplicate ignored
<argument> ...shipout:D \box_use:N \l_shipout_box 
                                                  \__shipout_drop_firstpage_...
l.164 
       <./screenshots/opening_apk.png> <./screenshots/jadx_decompiled.png>]
<./screenshots/retrofit_dec.png, id=146, 1445.4pt x 776.9025pt>
File: ./screenshots/retrofit_dec.png Graphic file (type png)
<use ./screenshots/retrofit_dec.png>
Package pdftex.def Info: ./screenshots/retrofit_dec.png  used on input line 167
.
(pdftex.def)             Requested size: 364.19667pt x 195.75438pt.
<./screenshots/retrofit_okhttp.png, id=147, 846.16125pt x 487.06969pt>
File: ./screenshots/retrofit_okhttp.png Graphic file (type png)
<use ./screenshots/retrofit_okhttp.png>
Package pdftex.def Info: ./screenshots/retrofit_okhttp.png  used on input line 
173.
(pdftex.def)             Requested size: 364.19667pt x 209.63654pt.

[9
pdfTeX warning (ext4): destination with the same identifier (name{figure.15}) h
as been already used, duplicate ignored
<argument> ...shipout:D \box_use:N \l_shipout_box 
                                                  \__shipout_drop_firstpage_...
l.176 
      
pdfTeX warning (ext4): destination with the same identifier (name{figure.16}) h
as been already used, duplicate ignored
<argument> ...shipout:D \box_use:N \l_shipout_box 
                                                  \__shipout_drop_firstpage_...
l.176 
       <./screenshots/okhttp.png> <./screenshots/retrofit_dec.png>]
<./screenshots/asyncHttpClient.png, id=156, 364.36125pt x 46.67438pt>
File: ./screenshots/asyncHttpClient.png Graphic file (type png)
<use ./screenshots/asyncHttpClient.png>
Package pdftex.def Info: ./screenshots/asyncHttpClient.png  used on input line 
184.
(pdftex.def)             Requested size: 364.19667pt x 46.655pt.
<./screenshots/msebera_http.png, id=157, 456.20438pt x 518.6878pt>
File: ./screenshots/msebera_http.png Graphic file (type png)
<use ./screenshots/msebera_http.png>
Package pdftex.def Info: ./screenshots/msebera_http.png  used on input line 192
.
(pdftex.def)             Requested size: 364.19667pt x 414.08812pt.
 [10
pdfTeX warning (ext4): destination with the same identifier (name{figure.17}) h
as been already used, duplicate ignored
<argument> ...shipout:D \box_use:N \l_shipout_box 
                                                  \__shipout_drop_firstpage_...
l.195 
      
pdfTeX warning (ext4): destination with the same identifier (name{figure.18}) h
as been already used, duplicate ignored
<argument> ...shipout:D \box_use:N \l_shipout_box 
                                                  \__shipout_drop_firstpage_...
l.195 
       <./screenshots/retrofit_okhttp.png> <./screenshots/asyncHttpClient.png>]
<./screenshots/system_cyphersuites.png, id=167, 1107.38719pt x 37.64063pt>
File: ./screenshots/system_cyphersuites.png Graphic file (type png)
<use ./screenshots/system_cyphersuites.png>
Package pdftex.def Info: ./screenshots/system_cyphersuites.png  used on input l
ine 209.
(pdftex.def)             Requested size: 364.19667pt x 12.37894pt.
[11
pdfTeX warning (ext4): destination with the same identifier (name{figure.19}) h
as been already used, duplicate ignored
<argument> ...shipout:D \box_use:N \l_shipout_box 
                                                  \__shipout_drop_firstpage_...
l.216 
      
pdfTeX warning (ext4): destination with the same identifier (name{figure.20}) h
as been already used, duplicate ignored
<argument> ...shipout:D \box_use:N \l_shipout_box 
                                                  \__shipout_drop_firstpage_...
l.216 
       <./screenshots/msebera_http.png> <./screenshots/system_cyphersuites.png>
]
<./screenshots/no_nsc.png, id=176, 1024.57782pt x 63.98906pt>
File: ./screenshots/no_nsc.png Graphic file (type png)
<use ./screenshots/no_nsc.png>
Package pdftex.def Info: ./screenshots/no_nsc.png  used on input line 221.
(pdftex.def)             Requested size: 364.19667pt x 22.74507pt.
<./screenshots/Traffic_analyzation.png, id=177, 1017.8025pt x 572.89032pt>
File: ./screenshots/Traffic_analyzation.png Graphic file (type png)
<use ./screenshots/Traffic_analyzation.png>
Package pdftex.def Info: ./screenshots/Traffic_analyzation.png  used on input l
ine 236.
(pdftex.def)             Requested size: 364.19667pt x 204.99904pt.
 [12
pdfTeX warning (ext4): destination with the same identifier (name{figure.21}) h
as been already used, duplicate ignored
<argument> ...shipout:D \box_use:N \l_shipout_box 
                                                  \__shipout_drop_firstpage_...
l.244 
      
pdfTeX warning (ext4): destination with the same identifier (name{figure.22}) h
as been already used, duplicate ignored
<argument> ...shipout:D \box_use:N \l_shipout_box 
                                                  \__shipout_drop_firstpage_...
l.244 
       <./screenshots/no_nsc.png> <./screenshots/Traffic_analyzation.png>]
<./screenshots/ad_tracking.png, id=187, 1017.8025pt x 572.89032pt>
File: ./screenshots/ad_tracking.png Graphic file (type png)
<use ./screenshots/ad_tracking.png>
Package pdftex.def Info: ./screenshots/ad_tracking.png  used on input line 247.

(pdftex.def)             Requested size: 364.19667pt x 204.99904pt.
<./screenshots/minor_tracking.png, id=188, 1017.8025pt x 572.89032pt>
File: ./screenshots/minor_tracking.png Graphic file (type png)
<use ./screenshots/minor_tracking.png>
Package pdftex.def Info: ./screenshots/minor_tracking.png  used on input line 2
55.
(pdftex.def)             Requested size: 364.19667pt x 204.99904pt.
<./screenshots/Firebase_integration.png, id=189, 259.7203pt x 126.4725pt>
File: ./screenshots/Firebase_integration.png Graphic file (type png)
<use ./screenshots/Firebase_integration.png>
Package pdftex.def Info: ./screenshots/Firebase_integration.png  used on input 
line 264.
(pdftex.def)             Requested size: 364.19667pt x 177.34782pt.

[13
pdfTeX warning (ext4): destination with the same identifier (name{figure.23}) h
as been already used, duplicate ignored
<argument> ...shipout:D \box_use:N \l_shipout_box 
                                                  \__shipout_drop_firstpage_...
l.267 
      
pdfTeX warning (ext4): destination with the same identifier (name{figure.24}) h
as been already used, duplicate ignored
<argument> ...shipout:D \box_use:N \l_shipout_box 
                                                  \__shipout_drop_firstpage_...
l.267 
       <./screenshots/ad_tracking.png> <./screenshots/minor_tracking.png>]
<./screenshots/Auth_header.png, id=199, 1017.8025pt x 572.89032pt>
File: ./screenshots/Auth_header.png Graphic file (type png)
<use ./screenshots/Auth_header.png>
Package pdftex.def Info: ./screenshots/Auth_header.png  used on input line 274.

(pdftex.def)             Requested size: 364.19667pt x 204.99904pt.
<./screenshots/hardcoded_token.png, id=200, 561.59813pt x 261.97874pt>
File: ./screenshots/hardcoded_token.png Graphic file (type png)
<use ./screenshots/hardcoded_token.png>
Package pdftex.def Info: ./screenshots/hardcoded_token.png  used on input line 
282.
(pdftex.def)             Requested size: 364.19667pt x 169.89241pt.

[14
pdfTeX warning (ext4): destination with the same identifier (name{figure.25}) h
as been already used, duplicate ignored
<argument> ...shipout:D \box_use:N \l_shipout_box 
                                                  \__shipout_drop_firstpage_...
l.285 
      
pdfTeX warning (ext4): destination with the same identifier (name{figure.26}) h
as been already used, duplicate ignored
<argument> ...shipout:D \box_use:N \l_shipout_box 
                                                  \__shipout_drop_firstpage_...
l.285 
       <./screenshots/Firebase_integration.png> <./screenshots/Auth_header.png>
]
<./screenshots/old_repository.png, id=209, 959.08313pt x 574.39594pt>
File: ./screenshots/old_repository.png Graphic file (type png)
<use ./screenshots/old_repository.png>
Package pdftex.def Info: ./screenshots/old_repository.png  used on input line 2
98.
(pdftex.def)             Requested size: 364.19667pt x 218.11494pt.
 [15
pdfTeX warning (ext4): destination with the same identifier (name{figure.27}) h
as been already used, duplicate ignored
<argument> ...shipout:D \box_use:N \l_shipout_box 
                                                  \__shipout_drop_firstpage_...
l.307 
      
pdfTeX warning (ext4): destination with the same identifier (name{figure.28}) h
as been already used, duplicate ignored
<argument> ...shipout:D \box_use:N \l_shipout_box 
                                                  \__shipout_drop_firstpage_...
l.307 
       <./screenshots/hardcoded_token.png> <./screenshots/old_repository.png>]
[16] (./protocol.aux)
 ***********
LaTeX2e <2023-11-01> patch level 1
L3 programming layer <2024-01-22>
 ***********
Package rerunfilecheck Info: File `protocol.out' has not changed.
(rerunfilecheck)             Checksum: 598989447030192FDDA0EE54C553585E;5855.
 ) 
Here is how much of TeX's memory you used:
 10976 strings out of 476182
 172579 string characters out of 5795595
 1928975 words of memory out of 5000000
 32826 multiletter control sequences out of 15000+600000
 560968 words of font info for 46 fonts, out of 8000000 for 9000
 14 hyphenation exceptions out of 8191
 75i,6n,79p,664b,460s stack positions out of 10000i,1000n,20000p,200000b,200000s
</usr/share/texlive/texmf-dist/fonts/type1/public/amsfonts/cm/cmbx12.pfb></us
r/share/texlive/texmf-dist/fonts/type1/public/amsfonts/cm/cmr12.pfb></usr/share
/texlive/texmf-dist/fonts/type1/public/amsfonts/cm/cmr17.pfb></usr/share/texliv
e/texmf-dist/fonts/type1/public/amsfonts/cm/cmtt12.pfb>
Output written on protocol.pdf (16 pages, 4195615 bytes).
PDF statistics:
 256 PDF objects out of 1000 (max. 8388607)
 172 compressed objects within 2 object streams
 60 named destinations out of 1000 (max. 500000)
 261 words of extra memory for PDF output out of 10000 (max. 10000000)

